<?xml version="1.0" encoding="UTF-8"?>
<testsuite name="KataTests" tests="1" skipped="0" failures="0" errors="0" timestamp="2022-11-17T16:02:04" hostname="AT-ALJLQ6P5" time="0.014">
  <properties/>
  <testcase name="findShortTest" classname="KataTests" time="0.014"/>
  <system-out><![CDATA[]]></system-out>
  <system-err><![CDATA[]]></system-err>
</testsuite>
