<?xml version="1.0" encoding="UTF-8"?>
<testsuite name="KataTests" tests="1" skipped="0" failures="0" errors="0" timestamp="2022-11-17T10:44:24" hostname="AT-ALJLQ6P5" time="0.009">
  <properties/>
  <testcase name="argsCountBasicTest" classname="KataTests" time="0.009"/>
  <system-out><![CDATA[]]></system-out>
  <system-err><![CDATA[]]></system-err>
</testsuite>
